[2026-04-10T03:29:42.933Z] [INFO] 
================================================================================
[2026-04-10T03:29:42.935Z] [INFO] 📥 FETCH MOVIE METADATA FROM TMDB
[2026-04-10T03:29:42.935Z] [INFO] ================================================================================

[2026-04-10T03:29:42.935Z] [INFO] Limit: 1000 movies
[2026-04-10T03:29:42.935Z] [INFO] Dry run: NO
[2026-04-10T03:29:42.935Z] [INFO] 
[2026-04-10T03:29:42.936Z] [INFO] Mode: Fetch new movies (status=pending)
[2026-04-10T03:29:43.234Z] [INFO] Found 122 movies needing metadata

[2026-04-10T03:29:43.235Z] [DEBUG] 1/122 Fetching: TMDB 1226863
[2026-04-10T03:29:43.348Z] [SUCCESS]   ✓ The Super Mario Galaxy Movie (2026)
[2026-04-10T03:29:43.599Z] [DEBUG] 2/122 Fetching: TMDB 1115544
[2026-04-10T03:29:43.644Z] [SUCCESS]   ✓ Mike & Nick & Nick & Alice (2026)
[2026-04-10T03:29:43.895Z] [DEBUG] 3/122 Fetching: TMDB 1084187
[2026-04-10T03:29:43.932Z] [SUCCESS]   ✓ Pretty Lethal (2026)
[2026-04-10T03:29:44.184Z] [DEBUG] 4/122 Fetching: TMDB 1159831
[2026-04-10T03:29:44.223Z] [SUCCESS]   ✓ The Bride! (2026)
[2026-04-10T03:29:44.475Z] [DEBUG] 5/122 Fetching: TMDB 1470130
[2026-04-10T03:29:44.515Z] [SUCCESS]   ✓ The Mortuary Assistant (2026)
[2026-04-10T03:29:44.766Z] [DEBUG] 6/122 Fetching: TMDB 1653994
[2026-04-10T03:29:44.806Z] [SUCCESS]   ✓ Shrounding the Heavens Movie：Fighting Against Wang Teng with Copper Coffin (2026)
[2026-04-10T03:29:45.057Z] [DEBUG] 7/122 Fetching: TMDB 1641319
[2026-04-10T03:29:45.095Z] [SUCCESS]   ✓ Sniper: No Nation (2026)
[2026-04-10T03:29:45.347Z] [DEBUG] 8/122 Fetching: TMDB 875828
[2026-04-10T03:29:45.387Z] [SUCCESS]   ✓ Peaky Blinders: The Immortal Man (2026)
[2026-04-10T03:29:45.639Z] [DEBUG] 9/122 Fetching: TMDB 999136
[2026-04-10T03:29:45.683Z] [SUCCESS]   ✓ Do Not Enter (2026)
[2026-04-10T03:29:45.935Z] [DEBUG] 10/122 Fetching: TMDB 1493859
[2026-04-10T03:29:45.981Z] [SUCCESS]   ✓ Pizza Movie (2026)
[2026-04-10T03:29:46.233Z] [DEBUG] 11/122 Fetching: TMDB 1325734
[2026-04-10T03:29:46.454Z] [SUCCESS]   ✓ The Drama (2026)
[2026-04-10T03:29:46.705Z] [DEBUG] 12/122 Fetching: TMDB 1572073
[2026-04-10T03:29:46.746Z] [SUCCESS]   ✓ The Deadly Little Mermaid (2026)
[2026-04-10T03:29:46.998Z] [DEBUG] 13/122 Fetching: TMDB 1582770
[2026-04-10T03:29:47.040Z] [SUCCESS]   ✓ Dhurandhar: The Revenge (2026)
[2026-04-10T03:29:47.292Z] [DEBUG] 14/122 Fetching: TMDB 1646787
[2026-04-10T03:29:47.331Z] [SUCCESS]   ✓ Sundutan (2026)
[2026-04-10T03:29:47.583Z] [DEBUG] 15/122 Fetching: TMDB 467905
[2026-04-10T03:29:47.622Z] [SUCCESS]   ✓ How to Make a Killing (2026)
[2026-04-10T03:29:47.873Z] [DEBUG] 16/122 Fetching: TMDB 1635276
[2026-04-10T03:29:47.914Z] [SUCCESS]   ✓ Eat Pray Bark (2026)
[2026-04-10T03:29:48.165Z] [DEBUG] 17/122 Fetching: TMDB 1066313
[2026-04-10T03:29:48.206Z] [SUCCESS]   ✓ The Draft! (2026)
[2026-04-10T03:29:48.457Z] [DEBUG] 18/122 Fetching: TMDB 1266127
[2026-04-10T03:29:48.500Z] [SUCCESS]   ✓ Ready or Not: Here I Come (2026)
[2026-04-10T03:29:48.752Z] [DEBUG] 19/122 Fetching: TMDB 1620551
[2026-04-10T03:29:48.792Z] [SUCCESS]   ✓ Feel My Voice (2026)
[2026-04-10T03:29:49.044Z] [DEBUG] 20/122 Fetching: TMDB 1314786
[2026-04-10T03:29:49.085Z] [SUCCESS]   ✓ Agent Zeta (2026)
[2026-04-10T03:29:49.337Z] [DEBUG] 21/122 Fetching: TMDB 1630433
[2026-04-10T03:29:49.377Z] [SUCCESS]   ✓ The Red Line (2026)
[2026-04-10T03:29:49.628Z] [DEBUG] 22/122 Fetching: TMDB 1292695
[2026-04-10T03:29:49.667Z] [SUCCESS]   ✓ They Will Kill You (2026)
[2026-04-10T03:29:49.918Z] [DEBUG] 23/122 Fetching: TMDB 1487320
[2026-04-10T03:29:49.958Z] [SUCCESS]   ✓ The Giant Falls (2026)
[2026-04-10T03:29:50.209Z] [DEBUG] 24/122 Fetching: TMDB 50619
[2026-04-10T03:29:50.243Z] [SUCCESS]   ✓ The Twilight Saga: Breaking Dawn - Part 1 (2011)
[2026-04-10T03:29:50.494Z] [DEBUG] 25/122 Fetching: TMDB 1650558
[2026-04-10T03:29:50.531Z] [SUCCESS]   ✓ Abot Langit (2026)
[2026-04-10T03:29:50.782Z] [DEBUG] 26/122 Fetching: TMDB 1305781
[2026-04-10T03:29:50.816Z] [SUCCESS]   ✓ Blades of the Guardians: Wind Rises in the Desert (2026)
[2026-04-10T03:29:51.067Z] [DEBUG] 27/122 Fetching: TMDB 1658216
[2026-04-10T03:29:51.106Z] [SUCCESS]   ✓ Stepdaddy (2026)
[2026-04-10T03:29:51.357Z] [DEBUG] 28/122 Fetching: TMDB 1341137
[2026-04-10T03:29:51.399Z] [SUCCESS]   ✓ A Great Awakening (2026)
[2026-04-10T03:29:51.650Z] [DEBUG] 29/122 Fetching: TMDB 1462146
[2026-04-10T03:29:51.692Z] [SUCCESS]   ✓ S4: The Bob Lazar Story (2026)
[2026-04-10T03:29:51.944Z] [DEBUG] 30/122 Fetching: TMDB 1561758
[2026-04-10T03:29:51.981Z] [SUCCESS]   ✓ It Takes a Village (2026)
[2026-04-10T03:29:52.233Z] [DEBUG] 31/122 Fetching: TMDB 1662432
[2026-04-10T03:29:52.275Z] [SUCCESS]   ✓ Finding Harry: The Craft Behind the Magic (2026)
[2026-04-10T03:29:52.525Z] [DEBUG] 32/122 Fetching: TMDB 1268127
[2026-04-10T03:29:52.567Z] [SUCCESS]   ✓ Humint (2026)
[2026-04-10T03:29:52.819Z] [DEBUG] 33/122 Fetching: TMDB 1265609
[2026-04-10T03:29:52.856Z] [SUCCESS]   ✓ War Machine (2026)
[2026-04-10T03:29:53.107Z] [DEBUG] 34/122 Fetching: TMDB 662707
[2026-04-10T03:29:53.150Z] [SUCCESS]   ✓ Starbright (2026)
[2026-04-10T03:29:53.401Z] [DEBUG] 35/122 Fetching: TMDB 848116
[2026-04-10T03:29:53.437Z] [SUCCESS]   ✓ Rocky Aur Rani Kii Prem Kahaani (2023)
[2026-04-10T03:29:53.688Z] [DEBUG] 36/122 Fetching: TMDB 329505
[2026-04-10T03:29:53.723Z] [SUCCESS]   ✓ Lola's Secret (1984)
[2026-04-10T03:29:53.973Z] [DEBUG] 37/122 Fetching: TMDB 1339876
[2026-04-10T03:29:54.012Z] [SUCCESS]   ✓ Mardaani 3 (2026)
[2026-04-10T03:29:54.264Z] [DEBUG] 38/122 Fetching: TMDB 879945
[2026-04-10T03:29:54.298Z] [SUCCESS]   ✓ The Unknown Man (2021)
[2026-04-10T03:29:54.551Z] [DEBUG] 39/122 Fetching: TMDB 1297454
[2026-04-10T03:29:54.598Z] [SUCCESS]   ✓ The Death That Awaits (2025)
[2026-04-10T03:29:54.849Z] [DEBUG] 40/122 Fetching: TMDB 1088434
[2026-04-10T03:29:54.886Z] [SUCCESS]   ✓ Hellfire (2026)
[2026-04-10T03:29:55.138Z] [DEBUG] 41/122 Fetching: TMDB 58008
[2026-04-10T03:29:55.182Z] [SUCCESS]   ✓ Night Nurse (1979)
[2026-04-10T03:29:55.434Z] [DEBUG] 42/122 Fetching: TMDB 1276038
[2026-04-10T03:29:55.472Z] [SUCCESS]   ✓ A Desert (2025)
[2026-04-10T03:29:55.724Z] [DEBUG] 43/122 Fetching: TMDB 405746
[2026-04-10T03:29:55.765Z] [SUCCESS]   ✓ Door (1988)
[2026-04-10T03:29:56.017Z] [DEBUG] 44/122 Fetching: TMDB 1634301
[2026-04-10T03:29:56.056Z] [SUCCESS]   ✓ Vanaveera (2026)
[2026-04-10T03:29:56.308Z] [DEBUG] 45/122 Fetching: TMDB 1381216
[2026-04-10T03:29:56.372Z] [SUCCESS]   ✓ Lake Jesup: Bonecrusher's Revenge (2024)
[2026-04-10T03:29:56.623Z] [DEBUG] 46/122 Fetching: TMDB 936075
[2026-04-10T03:29:56.660Z] [SUCCESS]   ✓ Michael (2026)
[2026-04-10T03:29:56.911Z] [DEBUG] 47/122 Fetching: TMDB 1049471
[2026-04-10T03:29:56.950Z] [SUCCESS]   ✓ Outcome (2026)
[2026-04-10T03:29:57.201Z] [DEBUG] 48/122 Fetching: TMDB 1314481
[2026-04-10T03:29:57.245Z] [SUCCESS]   ✓ The Devil Wears Prada 2 (2026)
[2026-04-10T03:29:57.497Z] [DEBUG] 49/122 Fetching: TMDB 1304313
[2026-04-10T03:29:57.535Z] [SUCCESS]   ✓ Lee Cronin's The Mummy (2026)
[2026-04-10T03:29:57.786Z] [DEBUG] 50/122 Fetching: TMDB 1107166
[2026-04-10T03:29:57.822Z] [SUCCESS]   ✓ Psycho Killer (2026)
[2026-04-10T03:29:58.073Z] [INFO] Progress: 50/122 (50 success, 0 failed)
[2026-04-10T03:29:58.421Z] [DEBUG] 51/122 Fetching: TMDB 931285
[2026-04-10T03:29:58.457Z] [SUCCESS]   ✓ Mortal Kombat II (2026)
[2026-04-10T03:29:58.709Z] [DEBUG] 52/122 Fetching: TMDB 1439930
[2026-04-10T03:29:58.753Z] [SUCCESS]   ✓ The Punisher: One Last Kill (2026)
[2026-04-10T03:29:59.005Z] [DEBUG] 53/122 Fetching: TMDB 1631917
[2026-04-10T03:29:59.046Z] [SUCCESS]   ✓ 18th Rose (2026)
[2026-04-10T03:29:59.298Z] [DEBUG] 54/122 Fetching: TMDB 1526650
[2026-04-10T03:29:59.341Z] [SUCCESS]   ✓ Mudborn (2025)
[2026-04-10T03:29:59.593Z] [DEBUG] 55/122 Fetching: TMDB 1317149
[2026-04-10T03:29:59.637Z] [SUCCESS]   ✓ I Swear (2025)
[2026-04-10T03:29:59.889Z] [DEBUG] 56/122 Fetching: TMDB 1241634
[2026-04-10T03:29:59.927Z] [SUCCESS]   ✓ Saiyaara (2025)
[2026-04-10T03:30:00.179Z] [DEBUG] 57/122 Fetching: TMDB 1109086
[2026-04-10T03:30:00.215Z] [SUCCESS]   ✓ War 2 (2025)
[2026-04-10T03:30:00.467Z] [DEBUG] 58/122 Fetching: TMDB 781732
[2026-04-10T03:30:00.506Z] [SUCCESS]   ✓ Animal (2023)
[2026-04-10T03:30:00.758Z] [DEBUG] 59/122 Fetching: TMDB 695962
[2026-04-10T03:30:00.802Z] [SUCCESS]   ✓ Bhool Bhulaiyaa 2 (2022)
[2026-04-10T03:30:01.053Z] [DEBUG] 60/122 Fetching: TMDB 1045931
[2026-04-10T03:30:01.094Z] [SUCCESS]   ✓ Crew (2024)
[2026-04-10T03:30:01.346Z] [DEBUG] 61/122 Fetching: TMDB 192558
[2026-04-10T03:30:01.387Z] [SUCCESS]   ✓ Aashiqui 2 (2013)
[2026-04-10T03:30:01.639Z] [DEBUG] 62/122 Fetching: TMDB 392572
[2026-04-10T03:30:01.682Z] [SUCCESS]   ✓ Rustom (2016)
[2026-04-10T03:30:01.933Z] [DEBUG] 63/122 Fetching: TMDB 8079
[2026-04-10T03:30:01.971Z] [SUCCESS]   ✓ Om Shanti Om (2007)
[2026-04-10T03:30:02.224Z] [DEBUG] 64/122 Fetching: TMDB 1195430
[2026-04-10T03:30:02.263Z] [SUCCESS]   ✓ Deva (2025)
[2026-04-10T03:30:02.515Z] [DEBUG] 65/122 Fetching: TMDB 26910
[2026-04-10T03:30:02.576Z] [SUCCESS]   ✓ Anbe Sivam (2003)
[2026-04-10T03:30:02.827Z] [DEBUG] 66/122 Fetching: TMDB 1007074
[2026-04-10T03:30:02.869Z] [SUCCESS]   ✓ Jigarthanda DoubleX (2023)
[2026-04-10T03:30:03.122Z] [DEBUG] 67/122 Fetching: TMDB 37941
[2026-04-10T03:30:03.162Z] [SUCCESS]   ✓ Vinnaithaandi Varuvaayaa (2010)
[2026-04-10T03:30:03.413Z] [DEBUG] 68/122 Fetching: TMDB 949229
[2026-04-10T03:30:03.453Z] [SUCCESS]   ✓ Leo (2023)
[2026-04-10T03:30:03.705Z] [DEBUG] 69/122 Fetching: TMDB 1153399
[2026-04-10T03:30:03.741Z] [SUCCESS]   ✓ Coolie (2025)
[2026-04-10T03:30:03.991Z] [DEBUG] 70/122 Fetching: TMDB 69537
[2026-04-10T03:30:04.029Z] [SUCCESS]   ✓ Nanban (2012)
[2026-04-10T03:30:04.280Z] [DEBUG] 71/122 Fetching: TMDB 373449
[2026-04-10T03:30:04.316Z] [SUCCESS]   ✓ 2.0 (2018)
[2026-04-10T03:30:04.567Z] [DEBUG] 72/122 Fetching: TMDB 370076
[2026-04-10T03:30:04.602Z] [SUCCESS]   ✓ Theri (2016)
[2026-04-10T03:30:04.854Z] [DEBUG] 73/122 Fetching: TMDB 148284
[2026-04-10T03:30:04.891Z] [SUCCESS]   ✓ Enthiran (2010)
[2026-04-10T03:30:05.143Z] [DEBUG] 74/122 Fetching: TMDB 855400
[2026-04-10T03:30:05.183Z] [SUCCESS]   ✓ Jai Bhim (2021)
[2026-04-10T03:30:05.435Z] [DEBUG] 75/122 Fetching: TMDB 937020
[2026-04-10T03:30:05.474Z] [SUCCESS]   ✓ Jailer (2023)
[2026-04-10T03:30:05.725Z] [DEBUG] 76/122 Fetching: TMDB 660046
[2026-04-10T03:30:05.769Z] [SUCCESS]   ✓ Ponniyin Selvan: Part I (2022)
[2026-04-10T03:30:06.021Z] [DEBUG] 77/122 Fetching: TMDB 19950
[2026-04-10T03:30:06.070Z] [SUCCESS]   ✓ Yavarum Nalam (2009)
[2026-04-10T03:30:06.322Z] [DEBUG] 78/122 Fetching: TMDB 263471
[2026-04-10T03:30:06.363Z] [SUCCESS]   ✓ I (2015)
[2026-04-10T03:30:06.615Z] [DEBUG] 79/122 Fetching: TMDB 368006
[2026-04-10T03:30:06.662Z] [SUCCESS]   ✓ 24 (2016)
[2026-04-10T03:30:06.915Z] [DEBUG] 80/122 Fetching: TMDB 49032
[2026-04-10T03:30:06.955Z] [SUCCESS]   ✓ Iruvar (1997)
[2026-04-10T03:30:07.207Z] [DEBUG] 81/122 Fetching: TMDB 24049
[2026-04-10T03:30:07.257Z] [SUCCESS]   ✓ Sivaji: The Boss (2007)
[2026-04-10T03:30:07.509Z] [DEBUG] 82/122 Fetching: TMDB 673692
[2026-04-10T03:30:07.553Z] [SUCCESS]   ✓ Doctor (2021)
[2026-04-10T03:30:07.804Z] [DEBUG] 83/122 Fetching: TMDB 37172
[2026-04-10T03:30:07.855Z] [SUCCESS]   ✓ Athadu (2005)
[2026-04-10T03:30:08.106Z] [DEBUG] 84/122 Fetching: TMDB 1239511
[2026-04-10T03:30:08.150Z] [SUCCESS]   ✓ Lucky Baskhar (2024)
[2026-04-10T03:30:08.402Z] [DEBUG] 85/122 Fetching: TMDB 459713
[2026-04-10T03:30:08.450Z] [SUCCESS]   ✓ Mahanati (2018)
[2026-04-10T03:30:08.702Z] [DEBUG] 86/122 Fetching: TMDB 23381
[2026-04-10T03:30:08.746Z] [SUCCESS]   ✓ Pokiri (2006)
[2026-04-10T03:30:08.998Z] [DEBUG] 87/122 Fetching: TMDB 610482
[2026-04-10T03:30:09.041Z] [SUCCESS]   ✓ Agent Sai Srinivasa Athreya (2019)
[2026-04-10T03:30:09.293Z] [DEBUG] 88/122 Fetching: TMDB 56986
[2026-04-10T03:30:09.332Z] [SUCCESS]   ✓ Khaleja (2010)
[2026-04-10T03:30:09.584Z] [DEBUG] 89/122 Fetching: TMDB 23790
[2026-04-10T03:30:09.625Z] [SUCCESS]   ✓ Magadheera (2009)
[2026-04-10T03:30:09.877Z] [DEBUG] 90/122 Fetching: TMDB 83889
[2026-04-10T03:30:09.919Z] [SUCCESS]   ✓ Businessman (2012)
[2026-04-10T03:30:10.174Z] [DEBUG] 91/122 Fetching: TMDB 253533
[2026-04-10T03:30:10.212Z] [SUCCESS]   ✓ Manam (2014)
[2026-04-10T03:30:10.464Z] [DEBUG] 92/122 Fetching: TMDB 461126
[2026-04-10T03:30:10.499Z] [SUCCESS]   ✓ Rangasthalam (2018)
[2026-04-10T03:30:10.750Z] [DEBUG] 93/122 Fetching: TMDB 369925
[2026-04-10T03:30:10.786Z] [SUCCESS]   ✓ Oopiri (2016)
[2026-04-10T03:30:11.038Z] [DEBUG] 94/122 Fetching: TMDB 148265
[2026-04-10T03:30:11.072Z] [SUCCESS]   ✓ Eega (2012)
[2026-04-10T03:30:11.323Z] [DEBUG] 95/122 Fetching: TMDB 442405
[2026-04-10T03:30:11.362Z] [SUCCESS]   ✓ The Ghazi Attack (2017)
[2026-04-10T03:30:11.614Z] [DEBUG] 96/122 Fetching: TMDB 540468
[2026-04-10T03:30:11.656Z] [SUCCESS]   ✓ Geetha Govindam (2018)
[2026-04-10T03:30:11.908Z] [DEBUG] 97/122 Fetching: TMDB 857598
[2026-04-10T03:30:11.942Z] [SUCCESS]   ✓ Pushpa 2 - The Rule (2024)
[2026-04-10T03:30:12.194Z] [DEBUG] 98/122 Fetching: TMDB 801688
[2026-04-10T03:30:12.236Z] [SUCCESS]   ✓ Kalki 2898-AD (2024)
[2026-04-10T03:30:12.488Z] [DEBUG] 99/122 Fetching: TMDB 770906
[2026-04-10T03:30:12.531Z] [SUCCESS]   ✓ Salaar: Part 1 - Ceasefire (2023)
[2026-04-10T03:30:12.783Z] [DEBUG] 100/122 Fetching: TMDB 262227
[2026-04-10T03:30:12.828Z] [SUCCESS]   ✓ Race Gurram (2014)
[2026-04-10T03:30:13.079Z] [INFO] Progress: 100/122 (100 success, 0 failed)
[2026-04-10T03:30:13.385Z] [DEBUG] 101/122 Fetching: TMDB 690957
[2026-04-10T03:30:13.421Z] [SUCCESS]   ✓ Pushpa: The Rise (2021)
[2026-04-10T03:30:13.673Z] [DEBUG] 102/122 Fetching: TMDB 443635
[2026-04-10T03:30:13.719Z] [SUCCESS]   ✓ DJ: Duvvada Jagannadham (2017)
[2026-04-10T03:30:13.971Z] [DEBUG] 103/122 Fetching: TMDB 454292
[2026-04-10T03:30:14.008Z] [SUCCESS]   ✓ Saaho (2019)
[2026-04-10T03:30:14.260Z] [DEBUG] 104/122 Fetching: TMDB 628241
[2026-04-10T03:30:14.302Z] [SUCCESS]   ✓ Ala Vaikunthapurramuloo (2020)
[2026-04-10T03:30:14.554Z] [DEBUG] 105/122 Fetching: TMDB 215248
[2026-04-10T03:30:14.613Z] [SUCCESS]   ✓ Yevadu (2014)
[2026-04-10T03:30:14.865Z] [DEBUG] 106/122 Fetching: TMDB 333876
[2026-04-10T03:30:14.907Z] [SUCCESS]   ✓ Son of Satyamurthy (2015)
[2026-04-10T03:30:15.159Z] [DEBUG] 107/122 Fetching: TMDB 1025125
[2026-04-10T03:30:15.198Z] [SUCCESS]   ✓ Kishkindha Kaandam (2019)
[2026-04-10T03:30:15.450Z] [DEBUG] 108/122 Fetching: TMDB 372297
[2026-04-10T03:30:15.493Z] [SUCCESS]   ✓ Charlie (2015)
[2026-04-10T03:30:15.745Z] [DEBUG] 109/122 Fetching: TMDB 84368
[2026-04-10T03:30:15.788Z] [SUCCESS]   ✓ Manichitrathazhu (1993)
[2026-04-10T03:30:16.041Z] [DEBUG] 110/122 Fetching: TMDB 791779
[2026-04-10T03:30:16.087Z] [SUCCESS]   ✓ Joji (2021)
[2026-04-10T03:30:16.339Z] [DEBUG] 111/122 Fetching: TMDB 1084812
[2026-04-10T03:30:16.382Z] [SUCCESS]   ✓ Aavesham (2024)
[2026-04-10T03:30:16.634Z] [DEBUG] 112/122 Fetching: TMDB 640052
[2026-04-10T03:30:16.682Z] [SUCCESS]   ✓ Helen (2019)
[2026-04-10T03:30:16.933Z] [DEBUG] 113/122 Fetching: TMDB 585261
[2026-04-10T03:30:16.968Z] [SUCCESS]   ✓ Virus (2019)
[2026-04-10T03:30:17.219Z] [DEBUG] 114/122 Fetching: TMDB 442000
[2026-04-10T03:30:17.259Z] [SUCCESS]   ✓ Angamaly Diaries (2017)
[2026-04-10T03:30:17.510Z] [DEBUG] 115/122 Fetching: TMDB 1186350
[2026-04-10T03:30:17.545Z] [SUCCESS]   ✓ Marco (2024)
[2026-04-10T03:30:17.796Z] [DEBUG] 116/122 Fetching: TMDB 927547
[2026-04-10T03:30:17.837Z] [SUCCESS]   ✓ All We Imagine as Light (2024)
[2026-04-10T03:30:18.088Z] [DEBUG] 117/122 Fetching: TMDB 472221
[2026-04-10T03:30:18.128Z] [SUCCESS]   ✓ The Goat Life (2024)
[2026-04-10T03:30:18.379Z] [DEBUG] 118/122 Fetching: TMDB 997391
[2026-04-10T03:30:18.419Z] [SUCCESS]   ✓ RDX: Robert Dony Xavier (2023)
[2026-04-10T03:30:18.671Z] [DEBUG] 119/122 Fetching: TMDB 653221
[2026-04-10T03:30:18.713Z] [SUCCESS]   ✓ Hridayam (2022)
[2026-04-10T03:30:18.965Z] [DEBUG] 120/122 Fetching: TMDB 564701
[2026-04-10T03:30:19.009Z] [SUCCESS]   ✓ Lucifer (2019)
[2026-04-10T03:30:19.261Z] [DEBUG] 121/122 Fetching: TMDB 209419
[2026-04-10T03:30:19.307Z] [SUCCESS]   ✓ Neelakasham Pachakadal Chuvanna Bhoomi (2013)
[2026-04-10T03:30:19.559Z] [DEBUG] 122/122 Fetching: TMDB 792358
[2026-04-10T03:30:19.599Z] [SUCCESS]   ✓ Jana Gana Mana (2022)
[2026-04-10T03:30:19.851Z] [INFO] 
Flushing final batch updates...
[2026-04-10T03:30:20.021Z] [SUCCESS] ✓ Updated 22 movies
[2026-04-10T03:30:20.021Z] [INFO] 
================================================================================
[2026-04-10T03:30:20.022Z] [INFO] 📊 SUMMARY
[2026-04-10T03:30:20.022Z] [INFO] ================================================================================

[2026-04-10T03:30:20.022Z] [INFO] Total movies: 122
[2026-04-10T03:30:20.023Z] [SUCCESS] ✓ Successfully fetched: 122
[2026-04-10T03:30:20.023Z] [INFO] TMDB API calls: 122
[2026-04-10T03:30:20.023Z] [INFO] Duration: 37.09s
[2026-04-10T03:30:20.023Z] [INFO] Average: 197.4 movies/minute
[2026-04-10T03:30:20.023Z] [SUCCESS] 
✅ Metadata fetch complete! Run step 03 to fetch genres/keywords.
[2026-04-10T03:30:20.023Z] [INFO] 
Log file: /Users/wish/feelflick-app/logs/02-fetch-movie-metadata.log
[2026-04-10T03:43:50.443Z] [INFO] 
================================================================================
[2026-04-10T03:43:50.445Z] [INFO] 📥 FETCH MOVIE METADATA FROM TMDB
[2026-04-10T03:43:50.445Z] [INFO] ================================================================================

[2026-04-10T03:43:50.445Z] [INFO] Limit: 1000 movies
[2026-04-10T03:43:50.445Z] [INFO] Dry run: NO
[2026-04-10T03:43:50.445Z] [INFO] 
[2026-04-10T03:43:50.446Z] [INFO] Mode: Fetch new movies (status=pending)
[2026-04-10T03:43:50.659Z] [INFO] Found 4 movies needing metadata

[2026-04-10T03:43:50.659Z] [DEBUG] 1/4 Fetching: TMDB 1267319
[2026-04-10T03:43:50.766Z] [SUCCESS]   ✓ Mantis (2025)
[2026-04-10T03:43:51.018Z] [DEBUG] 2/4 Fetching: TMDB 269955
[2026-04-10T03:43:51.062Z] [SUCCESS]   ✓ Obsessed (2014)
[2026-04-10T03:43:51.313Z] [DEBUG] 3/4 Fetching: TMDB 338803
[2026-04-10T03:43:51.359Z] [SUCCESS]   ✓ The Treacherous (2015)
[2026-04-10T03:43:51.611Z] [DEBUG] 4/4 Fetching: TMDB 1290182
[2026-04-10T03:43:51.726Z] [SUCCESS]   ✓ You Are the Apple of My Eye (2025)
[2026-04-10T03:43:51.980Z] [INFO] 
Flushing final batch updates...
[2026-04-10T03:43:52.350Z] [SUCCESS] ✓ Updated 4 movies
[2026-04-10T03:43:52.351Z] [INFO] 
================================================================================
[2026-04-10T03:43:52.352Z] [INFO] 📊 SUMMARY
[2026-04-10T03:43:52.352Z] [INFO] ================================================================================

[2026-04-10T03:43:52.352Z] [INFO] Total movies: 4
[2026-04-10T03:43:52.352Z] [SUCCESS] ✓ Successfully fetched: 4
[2026-04-10T03:43:52.352Z] [INFO] TMDB API calls: 4
[2026-04-10T03:43:52.353Z] [INFO] Duration: 1.91s
[2026-04-10T03:43:52.353Z] [INFO] Average: 125.7 movies/minute
[2026-04-10T03:43:52.353Z] [SUCCESS] 
✅ Metadata fetch complete! Run step 03 to fetch genres/keywords.
[2026-04-10T03:43:52.353Z] [INFO] 
Log file: /Users/wish/feelflick-app/logs/02-fetch-movie-metadata.log
