[2026-04-10T03:31:53.811Z] [INFO] 
================================================================================
[2026-04-10T03:31:53.812Z] [INFO] 📊 CALCULATE CAST METADATA
[2026-04-10T03:31:53.812Z] [INFO] ================================================================================

[2026-04-10T03:31:53.812Z] [INFO] Limit: 2000 movies
[2026-04-10T03:31:53.812Z] [INFO] Dry run: NO

[2026-04-10T03:31:54.240Z] [INFO] Found 122 movies needing cast metadata calculation

[2026-04-10T03:31:54.240Z] [DEBUG]   Calculating cast metadata for: Mortal Kombat II (id: 11879)
[2026-04-10T03:31:54.347Z] [DEBUG]   ✓ Cast metadata calculated for: Mortal Kombat II | {"count":15,"avg":"1.87","max":"6.53","top3":"2.82"}
[2026-04-10T03:31:54.347Z] [DEBUG]   Calculating cast metadata for: War 2 (id: 11885)
[2026-04-10T03:31:54.438Z] [DEBUG]   ✓ Cast metadata calculated for: War 2 | {"count":15,"avg":"1.29","max":"7.07","top3":"4.20"}
[2026-04-10T03:31:54.439Z] [DEBUG]   Calculating cast metadata for: Pushpa: The Rise (id: 11929)
[2026-04-10T03:31:54.509Z] [DEBUG]   ✓ Cast metadata calculated for: Pushpa: The Rise | {"count":15,"avg":"1.29","max":"6.00","top3":"3.30"}
[2026-04-10T03:31:54.509Z] [DEBUG]   Calculating cast metadata for: Mike & Nick & Nick & Alice (id: 11830)
[2026-04-10T03:31:54.596Z] [DEBUG]   ✓ Cast metadata calculated for: Mike & Nick & Nick & Alice | {"count":15,"avg":"2.53","max":"6.97","top3":"5.78"}
[2026-04-10T03:31:54.596Z] [DEBUG]   Calculating cast metadata for: The Bride! (id: 11832)
[2026-04-10T03:31:54.704Z] [DEBUG]   ✓ Cast metadata calculated for: The Bride! | {"count":15,"avg":"2.77","max":"10.25","top3":"5.41"}
[2026-04-10T03:31:54.704Z] [DEBUG]   Calculating cast metadata for: Shrounding the Heavens Movie：Fighting Against Wang Teng with Copper Coffin (id: 11834)
[2026-04-10T03:31:54.809Z] [DEBUG]   ✓ Cast metadata calculated for: Shrounding the Heavens Movie：Fighting Against Wang Teng with Copper Coffin | {"count":3,"avg":"0.86","max":"1.21","top3":"0.86"}
[2026-04-10T03:31:54.810Z] [DEBUG]   Calculating cast metadata for: Pizza Movie (id: 11838)
[2026-04-10T03:31:54.899Z] [DEBUG]   ✓ Cast metadata calculated for: Pizza Movie | {"count":15,"avg":"1.52","max":"6.77","top3":"3.01"}
[2026-04-10T03:31:54.900Z] [DEBUG]   Calculating cast metadata for: Do Not Enter (id: 11837)
[2026-04-10T03:31:55.008Z] [DEBUG]   ✓ Cast metadata calculated for: Do Not Enter | {"count":11,"avg":"0.72","max":"1.38","top3":"1.06"}
[2026-04-10T03:31:55.009Z] [DEBUG]   Calculating cast metadata for: Sundutan (id: 11842)
[2026-04-10T03:31:55.110Z] [DEBUG]   ✓ Cast metadata calculated for: Sundutan | {"count":5,"avg":"0.61","max":"1.12","top3":"0.73"}
[2026-04-10T03:31:55.111Z] [DEBUG]   Calculating cast metadata for: Feel My Voice (id: 11847)
[2026-04-10T03:31:55.187Z] [DEBUG]   ✓ Cast metadata calculated for: Feel My Voice | {"count":14,"avg":"0.49","max":"3.02","top3":"1.68"}
[2026-04-10T03:31:55.187Z] [DEBUG]   Calculating cast metadata for: The Draft! (id: 11845)
[2026-04-10T03:31:55.253Z] [DEBUG]   ✓ Cast metadata calculated for: The Draft! | {"count":12,"avg":"0.16","max":"0.45","top3":"0.17"}
[2026-04-10T03:31:55.254Z] [DEBUG]   Calculating cast metadata for: They Will Kill You (id: 11850)
[2026-04-10T03:31:55.317Z] [DEBUG]   ✓ Cast metadata calculated for: They Will Kill You | {"count":15,"avg":"1.43","max":"4.74","top3":"3.29"}
[2026-04-10T03:31:55.318Z] [DEBUG]   Calculating cast metadata for: Stepdaddy (id: 11855)
[2026-04-10T03:31:55.377Z] [DEBUG]   ✓ Cast metadata calculated for: Stepdaddy | {"count":4,"avg":"3.32","max":"6.63","top3":"4.14"}
[2026-04-10T03:31:55.377Z] [DEBUG]   Calculating cast metadata for: It Takes a Village (id: 11858)
[2026-04-10T03:31:55.436Z] [DEBUG]   ✓ Cast metadata calculated for: It Takes a Village | {"count":15,"avg":"0.50","max":"1.99","top3":"0.59"}
[2026-04-10T03:31:55.437Z] [DEBUG]   Calculating cast metadata for: Finding Harry: The Craft Behind the Magic (id: 11859)
[2026-04-10T03:31:55.502Z] [DEBUG]   ✓ Cast metadata calculated for: Finding Harry: The Craft Behind the Magic | {"count":15,"avg":"1.10","max":"3.21","top3":"1.43"}
[2026-04-10T03:31:55.503Z] [DEBUG]   Calculating cast metadata for: Starbright (id: 11862)
[2026-04-10T03:31:55.570Z] [DEBUG]   ✓ Cast metadata calculated for: Starbright | {"count":15,"avg":"1.19","max":"3.11","top3":"2.75"}
[2026-04-10T03:31:55.570Z] [DEBUG]   Calculating cast metadata for: War Machine (id: 11861)
[2026-04-10T03:31:55.636Z] [DEBUG]   ✓ Cast metadata calculated for: War Machine | {"count":15,"avg":"1.51","max":"8.72","top3":"4.44"}
[2026-04-10T03:31:55.637Z] [DEBUG]   Calculating cast metadata for: Lola's Secret (id: 11864)
[2026-04-10T03:31:55.701Z] [DEBUG]   ✓ Cast metadata calculated for: Lola's Secret | {"count":7,"avg":"4.44","max":"27.49","top3":"9.73"}
[2026-04-10T03:31:55.701Z] [DEBUG]   Calculating cast metadata for: The Death That Awaits (id: 11867)
[2026-04-10T03:31:55.756Z] [DEBUG]   ✓ Cast metadata calculated for: The Death That Awaits | {"count":8,"avg":"0.49","max":"1.34","top3":"0.35"}
[2026-04-10T03:31:55.757Z] [DEBUG]   Calculating cast metadata for: The Unknown Man (id: 11866)
[2026-04-10T03:31:55.816Z] [DEBUG]   ✓ Cast metadata calculated for: The Unknown Man | {"count":4,"avg":"0.47","max":"1.15","top3":"0.57"}
[2026-04-10T03:31:55.817Z] [DEBUG]   Calculating cast metadata for: Vanaveera (id: 11872)
[2026-04-10T03:31:55.879Z] [DEBUG]   ✓ Cast metadata calculated for: Vanaveera | {"count":3,"avg":"0.39","max":"0.43","top3":"0.39"}
[2026-04-10T03:31:55.880Z] [DEBUG]   Calculating cast metadata for: The Devil Wears Prada 2 (id: 11876)
[2026-04-10T03:31:55.949Z] [DEBUG]   ✓ Cast metadata calculated for: The Devil Wears Prada 2 | {"count":15,"avg":"3.65","max":"14.59","top3":"9.51"}
[2026-04-10T03:31:55.949Z] [DEBUG]   Calculating cast metadata for: Lee Cronin's The Mummy (id: 11877)
[2026-04-10T03:31:56.013Z] [DEBUG]   ✓ Cast metadata calculated for: Lee Cronin's The Mummy | {"count":11,"avg":"0.77","max":"1.58","top3":"1.25"}
[2026-04-10T03:31:56.013Z] [DEBUG]   Calculating cast metadata for: Saiyaara (id: 11884)
[2026-04-10T03:31:56.074Z] [DEBUG]   ✓ Cast metadata calculated for: Saiyaara | {"count":15,"avg":"0.38","max":"1.36","top3":"1.06"}
[2026-04-10T03:31:56.074Z] [DEBUG]   Calculating cast metadata for: I Swear (id: 11883)
[2026-04-10T03:31:56.140Z] [DEBUG]   ✓ Cast metadata calculated for: I Swear | {"count":15,"avg":"0.71","max":"2.76","top3":"1.65"}
[2026-04-10T03:31:56.140Z] [DEBUG]   Calculating cast metadata for: Bhool Bhulaiyaa 2 (id: 11887)
[2026-04-10T03:31:56.202Z] [DEBUG]   ✓ Cast metadata calculated for: Bhool Bhulaiyaa 2 | {"count":15,"avg":"0.93","max":"2.74","top3":"2.02"}
[2026-04-10T03:31:56.203Z] [DEBUG]   Calculating cast metadata for: Rustom (id: 11890)
[2026-04-10T03:31:56.265Z] [DEBUG]   ✓ Cast metadata calculated for: Rustom | {"count":14,"avg":"1.28","max":"10.00","top3":"4.07"}
[2026-04-10T03:31:56.265Z] [DEBUG]   Calculating cast metadata for: Jigarthanda DoubleX (id: 11894)
[2026-04-10T03:31:56.341Z] [DEBUG]   ✓ Cast metadata calculated for: Jigarthanda DoubleX | {"count":15,"avg":"0.62","max":"2.32","top3":"1.78"}
[2026-04-10T03:31:56.342Z] [DEBUG]   Calculating cast metadata for: Leo (id: 11896)
[2026-04-10T03:31:56.405Z] [DEBUG]   ✓ Cast metadata calculated for: Leo | {"count":15,"avg":"1.03","max":"4.28","top3":"1.96"}
[2026-04-10T03:31:56.405Z] [DEBUG]   Calculating cast metadata for: 2.0 (id: 11899)
[2026-04-10T03:31:56.464Z] [DEBUG]   ✓ Cast metadata calculated for: 2.0 | {"count":15,"avg":"1.26","max":"10.00","top3":"4.51"}
[2026-04-10T03:31:56.466Z] [DEBUG]   Calculating cast metadata for: Jai Bhim (id: 11902)
[2026-04-10T03:31:56.534Z] [DEBUG]   ✓ Cast metadata calculated for: Jai Bhim | {"count":15,"avg":"0.89","max":"2.73","top3":"1.08"}
[2026-04-10T03:31:56.535Z] [DEBUG]   Calculating cast metadata for: Yavarum Nalam (id: 11905)
[2026-04-10T03:31:56.606Z] [DEBUG]   ✓ Cast metadata calculated for: Yavarum Nalam | {"count":15,"avg":"0.63","max":"2.10","top3":"0.97"}
[2026-04-10T03:31:56.607Z] [DEBUG]   Calculating cast metadata for: Iruvar (id: 11908)
[2026-04-10T03:31:56.677Z] [DEBUG]   ✓ Cast metadata calculated for: Iruvar | {"count":15,"avg":"1.10","max":"3.09","top3":"2.26"}
[2026-04-10T03:31:56.678Z] [DEBUG]   Calculating cast metadata for: 24 (id: 11907)
[2026-04-10T03:31:56.742Z] [DEBUG]   ✓ Cast metadata calculated for: 24 | {"count":12,"avg":"1.13","max":"2.92","top3":"2.32"}
[2026-04-10T03:31:56.742Z] [DEBUG]   Calculating cast metadata for: Athadu (id: 11911)
[2026-04-10T03:31:56.796Z] [DEBUG]   ✓ Cast metadata calculated for: Athadu | {"count":15,"avg":"1.52","max":"4.28","top3":"2.96"}
[2026-04-10T03:31:56.796Z] [DEBUG]   Calculating cast metadata for: Lucky Baskhar (id: 11912)
[2026-04-10T03:31:56.857Z] [DEBUG]   ✓ Cast metadata calculated for: Lucky Baskhar | {"count":15,"avg":"0.54","max":"1.52","top3":"0.85"}
[2026-04-10T03:31:56.857Z] [DEBUG]   Calculating cast metadata for: Mahanati (id: 11913)
[2026-04-10T03:31:56.925Z] [DEBUG]   ✓ Cast metadata calculated for: Mahanati | {"count":15,"avg":"1.26","max":"3.99","top3":"1.86"}
[2026-04-10T03:31:56.925Z] [DEBUG]   Calculating cast metadata for: Magadheera (id: 11917)
[2026-04-10T03:31:57.000Z] [DEBUG]   ✓ Cast metadata calculated for: Magadheera | {"count":14,"avg":"0.99","max":"3.73","top3":"1.76"}
[2026-04-10T03:31:57.001Z] [DEBUG]   Calculating cast metadata for: Eega (id: 11922)
[2026-04-10T03:31:57.066Z] [DEBUG]   ✓ Cast metadata calculated for: Eega | {"count":15,"avg":"0.72","max":"1.98","top3":"1.38"}
[2026-04-10T03:31:57.067Z] [DEBUG]   Calculating cast metadata for: Salaar: Part 1 - Ceasefire (id: 11927)
[2026-04-10T03:31:57.138Z] [DEBUG]   ✓ Cast metadata calculated for: Salaar: Part 1 - Ceasefire | {"count":15,"avg":"0.98","max":"3.63","top3":"2.85"}
[2026-04-10T03:31:57.138Z] [DEBUG]   Calculating cast metadata for: Saaho (id: 11931)
[2026-04-10T03:31:57.203Z] [DEBUG]   ✓ Cast metadata calculated for: Saaho | {"count":15,"avg":"1.23","max":"3.63","top3":"2.22"}
[2026-04-10T03:31:57.204Z] [DEBUG]   Calculating cast metadata for: Charlie (id: 11936)
[2026-04-10T03:31:57.273Z] [DEBUG]   ✓ Cast metadata calculated for: Charlie | {"count":15,"avg":"0.79","max":"1.96","top3":"0.88"}
[2026-04-10T03:31:57.273Z] [DEBUG]   Calculating cast metadata for: Joji (id: 11938)
[2026-04-10T03:31:57.337Z] [DEBUG]   ✓ Cast metadata calculated for: Joji | {"count":13,"avg":"0.63","max":"2.63","top3":"1.22"}
[2026-04-10T03:31:57.337Z] [DEBUG]   Calculating cast metadata for: The Goat Life (id: 11945)
[2026-04-10T03:31:57.407Z] [DEBUG]   ✓ Cast metadata calculated for: The Goat Life | {"count":15,"avg":"0.40","max":"2.34","top3":"1.09"}
[2026-04-10T03:31:57.408Z] [DEBUG]   Calculating cast metadata for: Humint (id: 11860)
[2026-04-10T03:31:57.481Z] [DEBUG]   ✓ Cast metadata calculated for: Humint | {"count":15,"avg":"1.82","max":"4.59","top3":"2.73"}
[2026-04-10T03:31:57.481Z] [DEBUG]   Calculating cast metadata for: The Deadly Little Mermaid (id: 11840)
[2026-04-10T03:31:57.539Z] [DEBUG]   ✓ Cast metadata calculated for: The Deadly Little Mermaid | {"count":10,"avg":"0.08","max":"0.23","top3":"0.12"}
[2026-04-10T03:31:57.540Z] [DEBUG]   Calculating cast metadata for: Pretty Lethal (id: 11831)
[2026-04-10T03:31:57.598Z] [DEBUG]   ✓ Cast metadata calculated for: Pretty Lethal | {"count":15,"avg":"1.66","max":"6.51","top3":"3.22"}
[2026-04-10T03:31:57.599Z] [DEBUG]   Calculating cast metadata for: Rocky Aur Rani Kii Prem Kahaani (id: 11863)
[2026-04-10T03:31:57.660Z] [DEBUG]   ✓ Cast metadata calculated for: Rocky Aur Rani Kii Prem Kahaani | {"count":15,"avg":"1.09","max":"4.21","top3":"2.75"}
[2026-04-10T03:31:57.660Z] [DEBUG]   Calculating cast metadata for: Eat Pray Bark (id: 11844)
[2026-04-10T03:31:57.723Z] [DEBUG]   ✓ Cast metadata calculated for: Eat Pray Bark | {"count":15,"avg":"0.77","max":"2.34","top3":"1.62"}
[2026-04-10T03:31:57.724Z] [DEBUG]   Calculating cast metadata for: Night Nurse (id: 11869)
[2026-04-10T03:31:57.789Z] [DEBUG]   ✓ Cast metadata calculated for: Night Nurse | {"count":15,"avg":"1.04","max":"7.77","top3":"1.25"}
[2026-04-10T03:31:57.790Z] [DEBUG]   Calculating cast metadata for: Blades of the Guardians: Wind Rises in the Desert (id: 11854)
[2026-04-10T03:31:57.854Z] [DEBUG]   ✓ Cast metadata calculated for: Blades of the Guardians: Wind Rises in the Desert | {"count":15,"avg":"2.07","max":"6.86","top3":"2.44"}
[2026-04-10T03:31:57.855Z] [DEBUG]   Calculating cast metadata for: Yevadu (id: 11933)
[2026-04-10T03:31:57.921Z] [DEBUG]   ✓ Cast metadata calculated for: Yevadu | {"count":15,"avg":"1.65","max":"6.00","top3":"1.12"}
[2026-04-10T03:31:57.922Z] [DEBUG]   Calculating cast metadata for: Agent Zeta (id: 11848)
[2026-04-10T03:31:57.995Z] [DEBUG]   ✓ Cast metadata calculated for: Agent Zeta | {"count":15,"avg":"0.88","max":"3.47","top3":"2.44"}
[2026-04-10T03:31:57.996Z] [DEBUG]   Calculating cast metadata for: Marco (id: 11943)
[2026-04-10T03:31:58.065Z] [DEBUG]   ✓ Cast metadata calculated for: Marco | {"count":15,"avg":"0.45","max":"1.15","top3":"0.63"}
[2026-04-10T03:31:58.065Z] [DEBUG]   Calculating cast metadata for: Doctor (id: 11910)
[2026-04-10T03:31:58.134Z] [DEBUG]   ✓ Cast metadata calculated for: Doctor | {"count":15,"avg":"0.53","max":"1.65","top3":"1.09"}
[2026-04-10T03:31:58.134Z] [DEBUG]   Calculating cast metadata for: A Great Awakening (id: 11856)
[2026-04-10T03:31:58.198Z] [DEBUG]   ✓ Cast metadata calculated for: A Great Awakening | {"count":15,"avg":"0.19","max":"1.62","top3":"0.73"}
[2026-04-10T03:31:58.198Z] [DEBUG]   Calculating cast metadata for: S4: The Bob Lazar Story (id: 11857)
[2026-04-10T03:31:58.262Z] [DEBUG]   ✓ Cast metadata calculated for: S4: The Bob Lazar Story | {"count":3,"avg":"0.39","max":"0.63","top3":"0.39"}
[2026-04-10T03:31:58.263Z] [DEBUG]   Calculating cast metadata for: Animal (id: 11886)
[2026-04-10T03:31:58.328Z] [DEBUG]   ✓ Cast metadata calculated for: Animal | {"count":15,"avg":"1.01","max":"3.85","top3":"2.57"}
[2026-04-10T03:31:58.329Z] [DEBUG]   Calculating cast metadata for: The Ghazi Attack (id: 11923)
[2026-04-10T03:31:58.400Z] [DEBUG]   ✓ Cast metadata calculated for: The Ghazi Attack | {"count":12,"avg":"1.01","max":"3.17","top3":"1.27"}
[2026-04-10T03:31:58.401Z] [DEBUG]   Calculating cast metadata for: Ponniyin Selvan: Part I (id: 11904)
[2026-04-10T03:31:58.470Z] [DEBUG]   ✓ Cast metadata calculated for: Ponniyin Selvan: Part I | {"count":15,"avg":"1.53","max":"4.28","top3":"1.68"}
[2026-04-10T03:31:58.470Z] [DEBUG]   Calculating cast metadata for: Sivaji: The Boss (id: 11909)
[2026-04-10T03:31:58.536Z] [DEBUG]   ✓ Cast metadata calculated for: Sivaji: The Boss | {"count":15,"avg":"0.74","max":"1.97","top3":"1.31"}
[2026-04-10T03:31:58.536Z] [DEBUG]   Calculating cast metadata for: RDX: Robert Dony Xavier (id: 11946)
[2026-04-10T03:31:58.595Z] [DEBUG]   ✓ Cast metadata calculated for: RDX: Robert Dony Xavier | {"count":15,"avg":"0.43","max":"1.90","top3":"0.43"}
[2026-04-10T03:31:58.596Z] [DEBUG]   Calculating cast metadata for: Enthiran (id: 11901)
[2026-04-10T03:31:58.658Z] [DEBUG]   ✓ Cast metadata calculated for: Enthiran | {"count":15,"avg":"1.03","max":"3.09","top3":"2.12"}
[2026-04-10T03:31:58.658Z] [DEBUG]   Calculating cast metadata for: I (id: 11906)
[2026-04-10T03:31:58.723Z] [DEBUG]   ✓ Cast metadata calculated for: I | {"count":15,"avg":"0.70","max":"1.60","top3":"1.07"}
[2026-04-10T03:31:58.723Z] [DEBUG]   Calculating cast metadata for: Kishkindha Kaandam (id: 11935)
[2026-04-10T03:31:58.784Z] [DEBUG]   ✓ Cast metadata calculated for: Kishkindha Kaandam | {"count":15,"avg":"0.49","max":"1.53","top3":"0.98"}
[2026-04-10T03:31:58.784Z] [DEBUG]   Calculating cast metadata for: The Twilight Saga: Breaking Dawn - Part 1 (id: 11852)
[2026-04-10T03:31:58.848Z] [DEBUG]   ✓ Cast metadata calculated for: The Twilight Saga: Breaking Dawn - Part 1 | {"count":15,"avg":"2.79","max":"7.40","top3":"5.17"}
[2026-04-10T03:31:58.849Z] [DEBUG]   Calculating cast metadata for: Manichitrathazhu (id: 11937)
[2026-04-10T03:31:58.901Z] [DEBUG]   ✓ Cast metadata calculated for: Manichitrathazhu | {"count":14,"avg":"0.71","max":"1.71","top3":"1.25"}
[2026-04-10T03:31:58.902Z] [DEBUG]   Calculating cast metadata for: All We Imagine as Light (id: 11944)
[2026-04-10T03:31:58.961Z] [DEBUG]   ✓ Cast metadata calculated for: All We Imagine as Light | {"count":15,"avg":"0.28","max":"0.95","top3":"0.70"}
[2026-04-10T03:31:58.962Z] [DEBUG]   Calculating cast metadata for: The Red Line (id: 11849)
[2026-04-10T03:31:59.019Z] [DEBUG]   ✓ Cast metadata calculated for: The Red Line | {"count":15,"avg":"0.45","max":"1.52","top3":"1.02"}
[2026-04-10T03:31:59.020Z] [DEBUG]   Calculating cast metadata for: The Super Mario Galaxy Movie (id: 11829)
[2026-04-10T03:31:59.091Z] [DEBUG]   ✓ Cast metadata calculated for: The Super Mario Galaxy Movie | {"count":15,"avg":"4.29","max":"13.37","top3":"8.16"}
[2026-04-10T03:31:59.091Z] [DEBUG]   Calculating cast metadata for: The Mortuary Assistant (id: 11833)
[2026-04-10T03:31:59.155Z] [DEBUG]   ✓ Cast metadata calculated for: The Mortuary Assistant | {"count":7,"avg":"0.93","max":"2.77","top3":"1.54"}
[2026-04-10T03:31:59.156Z] [DEBUG]   Calculating cast metadata for: Sniper: No Nation (id: 11835)
[2026-04-10T03:31:59.234Z] [DEBUG]   ✓ Cast metadata calculated for: Sniper: No Nation | {"count":15,"avg":"0.75","max":"3.11","top3":"1.34"}
[2026-04-10T03:31:59.235Z] [DEBUG]   Calculating cast metadata for: Peaky Blinders: The Immortal Man (id: 11836)
[2026-04-10T03:31:59.295Z] [DEBUG]   ✓ Cast metadata calculated for: Peaky Blinders: The Immortal Man | {"count":15,"avg":"2.83","max":"8.76","top3":"6.76"}
[2026-04-10T03:31:59.296Z] [DEBUG]   Calculating cast metadata for: How to Make a Killing (id: 11843)
[2026-04-10T03:31:59.365Z] [DEBUG]   ✓ Cast metadata calculated for: How to Make a Killing | {"count":15,"avg":"2.08","max":"9.34","top3":"5.64"}
[2026-04-10T03:31:59.366Z] [DEBUG]   Calculating cast metadata for: The Drama (id: 11839)
[2026-04-10T03:31:59.432Z] [DEBUG]   ✓ Cast metadata calculated for: The Drama | {"count":15,"avg":"2.11","max":"9.58","top3":"6.68"}
[2026-04-10T03:31:59.433Z] [DEBUG]   Calculating cast metadata for: Ready or Not: Here I Come (id: 11846)
[2026-04-10T03:31:59.498Z] [DEBUG]   ✓ Cast metadata calculated for: Ready or Not: Here I Come | {"count":15,"avg":"1.82","max":"4.92","top3":"4.15"}
[2026-04-10T03:31:59.499Z] [DEBUG]   Calculating cast metadata for: Dhurandhar: The Revenge (id: 11841)
[2026-04-10T03:31:59.557Z] [DEBUG]   ✓ Cast metadata calculated for: Dhurandhar: The Revenge | {"count":15,"avg":"1.51","max":"4.21","top3":"2.52"}
[2026-04-10T03:31:59.558Z] [DEBUG]   Calculating cast metadata for: The Giant Falls (id: 11851)
[2026-04-10T03:31:59.622Z] [DEBUG]   ✓ Cast metadata calculated for: The Giant Falls | {"count":7,"avg":"1.39","max":"6.28","top3":"2.69"}
[2026-04-10T03:31:59.622Z] [DEBUG]   Calculating cast metadata for: Abot Langit (id: 11853)
[2026-04-10T03:31:59.763Z] [DEBUG]   ✓ Cast metadata calculated for: Abot Langit | {"count":13,"avg":"0.67","max":"6.28","top3":"2.52"}
[2026-04-10T03:31:59.763Z] [DEBUG]   Calculating cast metadata for: Mardaani 3 (id: 11865)
[2026-04-10T03:31:59.830Z] [DEBUG]   ✓ Cast metadata calculated for: Mardaani 3 | {"count":15,"avg":"0.55","max":"2.88","top3":"1.26"}
[2026-04-10T03:31:59.830Z] [DEBUG]   Calculating cast metadata for: A Desert (id: 11870)
[2026-04-10T03:31:59.890Z] [DEBUG]   ✓ Cast metadata calculated for: A Desert | {"count":10,"avg":"0.41","max":"0.86","top3":"0.71"}
[2026-04-10T03:31:59.890Z] [DEBUG]   Calculating cast metadata for: Door (id: 11871)
[2026-04-10T03:31:59.959Z] [DEBUG]   ✓ Cast metadata calculated for: Door | {"count":7,"avg":"0.89","max":"3.19","top3":"1.95"}
[2026-04-10T03:31:59.959Z] [DEBUG]   Calculating cast metadata for: The Punisher: One Last Kill (id: 11880)
[2026-04-10T03:32:00.015Z] [DEBUG]   ✓ Cast metadata calculated for: The Punisher: One Last Kill | {"count":4,"avg":"1.58","max":"5.55","top3":"2.09"}
[2026-04-10T03:32:00.015Z] [DEBUG]   Calculating cast metadata for: Mudborn (id: 11882)
[2026-04-10T03:32:00.071Z] [DEBUG]   ✓ Cast metadata calculated for: Mudborn | {"count":9,"avg":"0.89","max":"1.97","top3":"1.15"}
[2026-04-10T03:32:00.072Z] [DEBUG]   Calculating cast metadata for: 18th Rose (id: 11881)
[2026-04-10T03:32:00.131Z] [DEBUG]   ✓ Cast metadata calculated for: 18th Rose | {"count":5,"avg":"0.78","max":"2.10","top3":"1.05"}
[2026-04-10T03:32:00.131Z] [DEBUG]   Calculating cast metadata for: Outcome (id: 11875)
[2026-04-10T03:32:00.202Z] [DEBUG]   ✓ Cast metadata calculated for: Outcome | {"count":15,"avg":"3.27","max":"11.94","top3":"7.09"}
[2026-04-10T03:32:00.203Z] [DEBUG]   Calculating cast metadata for: Om Shanti Om (id: 11891)
[2026-04-10T03:32:00.263Z] [DEBUG]   ✓ Cast metadata calculated for: Om Shanti Om | {"count":15,"avg":"0.99","max":"6.11","top3":"3.37"}
[2026-04-10T03:32:00.264Z] [DEBUG]   Calculating cast metadata for: Aashiqui 2 (id: 11889)
[2026-04-10T03:32:00.327Z] [DEBUG]   ✓ Cast metadata calculated for: Aashiqui 2 | {"count":8,"avg":"0.74","max":"2.31","top3":"1.38"}
[2026-04-10T03:32:00.327Z] [DEBUG]   Calculating cast metadata for: Crew (id: 11888)
[2026-04-10T03:32:00.389Z] [DEBUG]   ✓ Cast metadata calculated for: Crew | {"count":15,"avg":"0.89","max":"3.95","top3":"2.79"}
[2026-04-10T03:32:00.389Z] [DEBUG]   Calculating cast metadata for: Anbe Sivam (id: 11893)
[2026-04-10T03:32:00.449Z] [DEBUG]   ✓ Cast metadata calculated for: Anbe Sivam | {"count":15,"avg":"0.69","max":"1.98","top3":"1.86"}
[2026-04-10T03:32:00.449Z] [DEBUG]   Calculating cast metadata for: Nanban (id: 11898)
[2026-04-10T03:32:00.518Z] [DEBUG]   ✓ Cast metadata calculated for: Nanban | {"count":15,"avg":"0.83","max":"2.06","top3":"1.15"}
[2026-04-10T03:32:00.518Z] [DEBUG]   Calculating cast metadata for: Deva (id: 11892)
[2026-04-10T03:32:00.589Z] [DEBUG]   ✓ Cast metadata calculated for: Deva | {"count":15,"avg":"0.56","max":"2.29","top3":"1.63"}
[2026-04-10T03:32:00.589Z] [DEBUG]   Calculating cast metadata for: Vinnaithaandi Varuvaayaa (id: 11895)
[2026-04-10T03:32:00.660Z] [DEBUG]   ✓ Cast metadata calculated for: Vinnaithaandi Varuvaayaa | {"count":15,"avg":"0.84","max":"4.28","top3":"2.05"}
[2026-04-10T03:32:00.660Z] [DEBUG]   Calculating cast metadata for: Jailer (id: 11903)
[2026-04-10T03:32:00.725Z] [DEBUG]   ✓ Cast metadata calculated for: Jailer | {"count":15,"avg":"0.76","max":"2.42","top3":"0.88"}
[2026-04-10T03:32:00.725Z] [DEBUG]   Calculating cast metadata for: Pokiri (id: 11914)
[2026-04-10T03:32:00.781Z] [DEBUG]   ✓ Cast metadata calculated for: Pokiri | {"count":15,"avg":"1.23","max":"3.73","top3":"2.33"}
[2026-04-10T03:32:00.781Z] [DEBUG]   Calculating cast metadata for: Khaleja (id: 11916)
[2026-04-10T03:32:00.846Z] [DEBUG]   ✓ Cast metadata calculated for: Khaleja | {"count":15,"avg":"1.26","max":"3.73","top3":"1.91"}
[2026-04-10T03:32:00.846Z] [DEBUG]   Calculating cast metadata for: Businessman (id: 11918)
[2026-04-10T03:32:00.909Z] [DEBUG]   ✓ Cast metadata calculated for: Businessman | {"count":15,"avg":"0.99","max":"3.36","top3":"2.76"}
[2026-04-10T03:32:00.910Z] [DEBUG]   Calculating cast metadata for: Manam (id: 11919)
[2026-04-10T03:32:00.973Z] [DEBUG]   ✓ Cast metadata calculated for: Manam | {"count":15,"avg":"1.03","max":"3.73","top3":"1.06"}
[2026-04-10T03:32:00.973Z] [DEBUG]   Calculating cast metadata for: Pushpa 2 - The Rule (id: 11925)
[2026-04-10T03:32:01.027Z] [DEBUG]   ✓ Cast metadata calculated for: Pushpa 2 - The Rule | {"count":15,"avg":"1.25","max":"6.00","top3":"4.16"}
[2026-04-10T03:32:01.027Z] [DEBUG]   Calculating cast metadata for: Geetha Govindam (id: 11924)
[2026-04-10T03:32:01.085Z] [DEBUG]   ✓ Cast metadata calculated for: Geetha Govindam | {"count":15,"avg":"1.12","max":"3.99","top3":"2.95"}
[2026-04-10T03:32:01.085Z] [INFO] Progress: 100/122 (100 success, 0 failed)
[2026-04-10T03:32:01.239Z] [DEBUG]   Calculating cast metadata for: Race Gurram (id: 11928)
[2026-04-10T03:32:01.309Z] [DEBUG]   ✓ Cast metadata calculated for: Race Gurram | {"count":15,"avg":"1.46","max":"6.00","top3":"3.35"}
[2026-04-10T03:32:01.310Z] [DEBUG]   Calculating cast metadata for: Oopiri (id: 11921)
[2026-04-10T03:32:01.374Z] [DEBUG]   ✓ Cast metadata calculated for: Oopiri | {"count":15,"avg":"1.98","max":"9.84","top3":"4.50"}
[2026-04-10T03:32:01.375Z] [DEBUG]   Calculating cast metadata for: DJ: Duvvada Jagannadham (id: 11930)
[2026-04-10T03:32:01.441Z] [DEBUG]   ✓ Cast metadata calculated for: DJ: Duvvada Jagannadham | {"count":15,"avg":"1.15","max":"6.00","top3":"3.09"}
[2026-04-10T03:32:01.442Z] [DEBUG]   Calculating cast metadata for: Son of Satyamurthy (id: 11934)
[2026-04-10T03:32:01.498Z] [DEBUG]   ✓ Cast metadata calculated for: Son of Satyamurthy | {"count":15,"avg":"1.82","max":"6.00","top3":"2.88"}
[2026-04-10T03:32:01.498Z] [DEBUG]   Calculating cast metadata for: Helen (id: 11940)
[2026-04-10T03:32:01.564Z] [DEBUG]   ✓ Cast metadata calculated for: Helen | {"count":15,"avg":"0.45","max":"1.90","top3":"0.82"}
[2026-04-10T03:32:01.565Z] [DEBUG]   Calculating cast metadata for: Hridayam (id: 11947)
[2026-04-10T03:32:01.630Z] [DEBUG]   ✓ Cast metadata calculated for: Hridayam | {"count":15,"avg":"0.62","max":"2.95","top3":"1.66"}
[2026-04-10T03:32:01.631Z] [DEBUG]   Calculating cast metadata for: Neelakasham Pachakadal Chuvanna Bhoomi (id: 11949)
[2026-04-10T03:32:01.697Z] [DEBUG]   ✓ Cast metadata calculated for: Neelakasham Pachakadal Chuvanna Bhoomi | {"count":15,"avg":"0.40","max":"1.52","top3":"0.82"}
[2026-04-10T03:32:01.697Z] [DEBUG]   Calculating cast metadata for: Ala Vaikunthapurramuloo (id: 11932)
[2026-04-10T03:32:01.757Z] [DEBUG]   ✓ Cast metadata calculated for: Ala Vaikunthapurramuloo | {"count":15,"avg":"1.27","max":"6.00","top3":"3.12"}
[2026-04-10T03:32:01.757Z] [DEBUG]   Calculating cast metadata for: Jana Gana Mana (id: 11950)
[2026-04-10T03:32:01.815Z] [DEBUG]   ✓ Cast metadata calculated for: Jana Gana Mana | {"count":15,"avg":"0.73","max":"2.52","top3":"2.10"}
[2026-04-10T03:32:01.816Z] [DEBUG]   Calculating cast metadata for: Michael (id: 11874)
[2026-04-10T03:32:01.888Z] [DEBUG]   ✓ Cast metadata calculated for: Michael | {"count":15,"avg":"1.40","max":"3.53","top3":"2.93"}
[2026-04-10T03:32:01.889Z] [DEBUG]   Calculating cast metadata for: Kalki 2898-AD (id: 11926)
[2026-04-10T03:32:01.952Z] [DEBUG]   ✓ Cast metadata calculated for: Kalki 2898-AD | {"count":15,"avg":"1.09","max":"3.63","top3":"3.10"}
[2026-04-10T03:32:01.952Z] [DEBUG]   Calculating cast metadata for: Rangasthalam (id: 11920)
[2026-04-10T03:32:02.015Z] [DEBUG]   ✓ Cast metadata calculated for: Rangasthalam | {"count":15,"avg":"0.86","max":"2.07","top3":"1.41"}
[2026-04-10T03:32:02.016Z] [DEBUG]   Calculating cast metadata for: Theri (id: 11900)
[2026-04-10T03:32:02.089Z] [DEBUG]   ✓ Cast metadata calculated for: Theri | {"count":15,"avg":"0.95","max":"3.12","top3":"1.49"}
[2026-04-10T03:32:02.090Z] [DEBUG]   Calculating cast metadata for: Aavesham (id: 11939)
[2026-04-10T03:32:02.147Z] [DEBUG]   ✓ Cast metadata calculated for: Aavesham | {"count":15,"avg":"0.35","max":"2.63","top3":"0.96"}
[2026-04-10T03:32:02.147Z] [DEBUG]   Calculating cast metadata for: Coolie (id: 11897)
[2026-04-10T03:32:02.225Z] [DEBUG]   ✓ Cast metadata calculated for: Coolie | {"count":15,"avg":"1.10","max":"4.01","top3":"1.38"}
[2026-04-10T03:32:02.226Z] [DEBUG]   Calculating cast metadata for: Hellfire (id: 11868)
[2026-04-10T03:32:02.288Z] [DEBUG]   ✓ Cast metadata calculated for: Hellfire | {"count":15,"avg":"1.12","max":"4.71","top3":"2.55"}
[2026-04-10T03:32:02.289Z] [DEBUG]   Calculating cast metadata for: Agent Sai Srinivasa Athreya (id: 11915)
[2026-04-10T03:32:02.363Z] [DEBUG]   ✓ Cast metadata calculated for: Agent Sai Srinivasa Athreya | {"count":15,"avg":"0.19","max":"0.83","top3":"0.47"}
[2026-04-10T03:32:02.364Z] [DEBUG]   Calculating cast metadata for: Lucifer (id: 11948)
[2026-04-10T03:32:02.430Z] [DEBUG]   ✓ Cast metadata calculated for: Lucifer | {"count":15,"avg":"0.86","max":"2.34","top3":"1.14"}
[2026-04-10T03:32:02.431Z] [DEBUG]   Calculating cast metadata for: Virus (id: 11941)
[2026-04-10T03:32:02.495Z] [DEBUG]   ✓ Cast metadata calculated for: Virus | {"count":15,"avg":"0.84","max":"1.96","top3":"1.32"}
[2026-04-10T03:32:02.495Z] [DEBUG]   Calculating cast metadata for: Angamaly Diaries (id: 11942)
[2026-04-10T03:32:02.573Z] [DEBUG]   ✓ Cast metadata calculated for: Angamaly Diaries | {"count":15,"avg":"0.21","max":"0.44","top3":"0.30"}
[2026-04-10T03:32:02.574Z] [DEBUG]   Calculating cast metadata for: Lake Jesup: Bonecrusher's Revenge (id: 11873)
[2026-04-10T03:32:02.644Z] [DEBUG]   ✓ Cast metadata calculated for: Lake Jesup: Bonecrusher's Revenge | {"count":6,"avg":"0.70","max":"1.92","top3":"0.46"}
[2026-04-10T03:32:02.645Z] [DEBUG]   Calculating cast metadata for: Psycho Killer (id: 11878)
[2026-04-10T03:32:02.703Z] [DEBUG]   ✓ Cast metadata calculated for: Psycho Killer | {"count":15,"avg":"0.69","max":"3.14","top3":"2.22"}
[2026-04-10T03:32:02.704Z] [INFO] 
Flushing final batch updates...
[2026-04-10T03:32:02.800Z] [SUCCESS] ✓ Updated 22 movies
[2026-04-10T03:32:02.800Z] [INFO] 
================================================================================
[2026-04-10T03:32:02.801Z] [INFO] 📊 SUMMARY
[2026-04-10T03:32:02.801Z] [INFO] ================================================================================

[2026-04-10T03:32:02.802Z] [INFO] Total movies: 122
[2026-04-10T03:32:02.802Z] [SUCCESS] ✓ Successfully processed: 122
[2026-04-10T03:32:02.802Z] [INFO] 
Cast Statistics:
[2026-04-10T03:32:02.802Z] [INFO]   Average cast per movie: 13.5
[2026-04-10T03:32:02.802Z] [INFO]   Movies with recognizable stars: 0 (0.0%)
[2026-04-10T03:32:02.802Z] [INFO]   Movies with zero cast: 0
[2026-04-10T03:32:02.802Z] [INFO] 
Duration: 8.99s
[2026-04-10T03:32:02.802Z] [INFO] Average: 814.2 movies/minute
[2026-04-10T03:32:02.803Z] [SUCCESS] 
✅ Cast metadata calculation complete! Run step 06 to fetch external ratings.
[2026-04-10T03:32:02.803Z] [INFO] 
Log file: /Users/wish/feelflick-app/logs/05-calculate-cast-metadata.log
[2026-04-10T03:43:57.704Z] [INFO] 
================================================================================
[2026-04-10T03:43:57.706Z] [INFO] 📊 CALCULATE CAST METADATA
[2026-04-10T03:43:57.706Z] [INFO] ================================================================================

[2026-04-10T03:43:57.706Z] [INFO] Limit: 2000 movies
[2026-04-10T03:43:57.706Z] [INFO] Dry run: NO

[2026-04-10T03:43:58.239Z] [INFO] Found 4 movies needing cast metadata calculation

[2026-04-10T03:43:58.239Z] [DEBUG]   Calculating cast metadata for: Obsessed (id: 11952)
[2026-04-10T03:43:58.343Z] [DEBUG]   ✓ Cast metadata calculated for: Obsessed | {"count":15,"avg":"1.38","max":"2.94","top3":"2.57"}
[2026-04-10T03:43:58.344Z] [DEBUG]   Calculating cast metadata for: Mantis (id: 11951)
[2026-04-10T03:43:58.422Z] [DEBUG]   ✓ Cast metadata calculated for: Mantis | {"count":15,"avg":"1.93","max":"9.15","top3":"4.33"}
[2026-04-10T03:43:58.423Z] [DEBUG]   Calculating cast metadata for: The Treacherous (id: 11953)
[2026-04-10T03:43:58.515Z] [DEBUG]   ✓ Cast metadata calculated for: The Treacherous | {"count":15,"avg":"1.54","max":"2.95","top3":"2.24"}
[2026-04-10T03:43:58.516Z] [DEBUG]   Calculating cast metadata for: You Are the Apple of My Eye (id: 11954)
[2026-04-10T03:43:58.599Z] [DEBUG]   ✓ Cast metadata calculated for: You Are the Apple of My Eye | {"count":15,"avg":"0.92","max":"3.49","top3":"1.26"}
[2026-04-10T03:43:58.599Z] [INFO] 
Flushing final batch updates...
[2026-04-10T03:43:58.755Z] [SUCCESS] ✓ Updated 4 movies
[2026-04-10T03:43:58.756Z] [INFO] 
================================================================================
[2026-04-10T03:43:58.757Z] [INFO] 📊 SUMMARY
[2026-04-10T03:43:58.757Z] [INFO] ================================================================================

[2026-04-10T03:43:58.757Z] [INFO] Total movies: 4
[2026-04-10T03:43:58.757Z] [SUCCESS] ✓ Successfully processed: 4
[2026-04-10T03:43:58.758Z] [INFO] 
Cast Statistics:
[2026-04-10T03:43:58.758Z] [INFO]   Average cast per movie: 15.0
[2026-04-10T03:43:58.758Z] [INFO]   Movies with recognizable stars: 0 (0.0%)
[2026-04-10T03:43:58.758Z] [INFO]   Movies with zero cast: 0
[2026-04-10T03:43:58.759Z] [INFO] 
Duration: 1.05s
[2026-04-10T03:43:58.759Z] [INFO] Average: 228.6 movies/minute
[2026-04-10T03:43:58.759Z] [SUCCESS] 
✅ Cast metadata calculation complete! Run step 06 to fetch external ratings.
[2026-04-10T03:43:58.759Z] [INFO] 
Log file: /Users/wish/feelflick-app/logs/05-calculate-cast-metadata.log
